{"uuid":"35a1e676-5d54-4fb2-b6d5-57d96ff061af","historyId":"2f8378f3a40d9a3b7218652cb87932a3","testCaseId":"abc1fcc0441ca6152aca2a217c2e4ca3","fullName":"src/test/resources/features/ui/user_management/registrationPage.feature:116","labels":[{"name":"tag","value":"Regression"},{"name":"host","value":"EPINHYDW0F53"},{"name":"thread","value":"38408@EPINHYDW0F53.main(1)"},{"name":"feature","value":"Validate Gym Management Registration Page"},{"name":"story","value":"Test registration page with various input parameters for regression testing"},{"name":"suite","value":"Validate Gym Management Registration Page"},{"name":"testClass","value":"Test registration page with various input parameters for regression testing"},{"name":"framework","value":"cucumber4jvm"},{"name":"language","value":"java"},{"name":"gherkin_uri","value":"file:///C:/Users/nuthula_pooja/Desktop/QA/GymManagement_qa/src/test/resources/features/ui/user_management/registrationPage.feature"},{"name":"package","value":"src.test.resources.features.ui.user_management.registrationPage_feature.Validate Gym Management Registration Page"}],"links":[],"name":"Test registration page with various input parameters for regression testing","status":"broken","statusDetails":{"known":false,"muted":false,"flaky":false,"message":"Element <div id=\"mui-component-select-activity\" class=\"MuiSelect-select MuiSelect-outlined MuiInputBase-input MuiOutlinedInput-input css-117jitv\"> is not clickable at point (416,543) because another element <li class=\"MuiButtonBase-root MuiMenuItem-root MuiMenuItem-gutters MuiMenuItem-root MuiMenuItem-gutters css-1rv1brq\"> obscures it\nBuild info: version: '4.24.0', revision: '748ffc9bc3'\nSystem info: os.name: 'Windows 11', os.arch: 'amd64', os.version: '10.0', java.version: '23'\nDriver info: org.openqa.selenium.firefox.FirefoxDriver\nCommand: [1de3ca28-bcbb-430a-8a4a-549c2b8589c2, clickElement {id=9d8bd0d5-b93e-4041-ba6a-5c7cf1a2ef14}]\nCapabilities {acceptInsecureCerts: true, browserName: firefox, browserVersion: 127.0.1, moz:accessibilityChecks: false, moz:buildID: 20240618110440, moz:debuggerAddress: 127.0.0.1:48949, moz:geckodriverVersion: 0.35.0, moz:headless: false, moz:platformVersion: 10.0, moz:processID: 43676, moz:profile: C:\\Users\\NUTHUL~1\\AppData\\L..., moz:shutdownTimeout: 60000, moz:webdriverClick: true, moz:windowless: false, pageLoadStrategy: normal, platformName: windows, proxy: Proxy(), se:cdp: ws://127.0.0.1:48949/devtoo..., se:cdpVersion: 85.0, setWindowRect: true, strictFileInteractability: false, timeouts: {implicit: 0, pageLoad: 300000, script: 30000}, unhandledPromptBehavior: dismiss and notify, userAgent: Mozilla/5.0 (Windows NT 10....}\nElement: [[FirefoxDriver: firefox on windows (1de3ca28-bcbb-430a-8a4a-549c2b8589c2)] -> id: mui-component-select-activity]\nSession ID: 1de3ca28-bcbb-430a-8a4a-549c2b8589c2","trace":"org.openqa.selenium.ElementClickInterceptedException: Element <div id=\"mui-component-select-activity\" class=\"MuiSelect-select MuiSelect-outlined MuiInputBase-input MuiOutlinedInput-input css-117jitv\"> is not clickable at point (416,543) because another element <li class=\"MuiButtonBase-root MuiMenuItem-root MuiMenuItem-gutters MuiMenuItem-root MuiMenuItem-gutters css-1rv1brq\"> obscures it\nBuild info: version: '4.24.0', revision: '748ffc9bc3'\nSystem info: os.name: 'Windows 11', os.arch: 'amd64', os.version: '10.0', java.version: '23'\nDriver info: org.openqa.selenium.firefox.FirefoxDriver\nCommand: [1de3ca28-bcbb-430a-8a4a-549c2b8589c2, clickElement {id=9d8bd0d5-b93e-4041-ba6a-5c7cf1a2ef14}]\nCapabilities {acceptInsecureCerts: true, browserName: firefox, browserVersion: 127.0.1, moz:accessibilityChecks: false, moz:buildID: 20240618110440, moz:debuggerAddress: 127.0.0.1:48949, moz:geckodriverVersion: 0.35.0, moz:headless: false, moz:platformVersion: 10.0, moz:processID: 43676, moz:profile: C:\\Users\\NUTHUL~1\\AppData\\L..., moz:shutdownTimeout: 60000, moz:webdriverClick: true, moz:windowless: false, pageLoadStrategy: normal, platformName: windows, proxy: Proxy(), se:cdp: ws://127.0.0.1:48949/devtoo..., se:cdpVersion: 85.0, setWindowRect: true, strictFileInteractability: false, timeouts: {implicit: 0, pageLoad: 300000, script: 30000}, unhandledPromptBehavior: dismiss and notify, userAgent: Mozilla/5.0 (Windows NT 10....}\nElement: [[FirefoxDriver: firefox on windows (1de3ca28-bcbb-430a-8a4a-549c2b8589c2)] -> id: mui-component-select-activity]\nSession ID: 1de3ca28-bcbb-430a-8a4a-549c2b8589c2\r\n\tat java.base/jdk.internal.reflect.DirectConstructorHandleAccessor.newInstance(DirectConstructorHandleAccessor.java:62)\r\n\tat java.base/java.lang.reflect.Constructor.newInstanceWithCaller(Constructor.java:501)\r\n\tat java.base/java.lang.reflect.Constructor.newInstance(Constructor.java:485)\r\n\tat org.openqa.selenium.remote.ErrorCodec.decode(ErrorCodec.java:167)\r\n\tat org.openqa.selenium.remote.codec.w3c.W3CHttpResponseCodec.decode(W3CHttpResponseCodec.java:138)\r\n\tat org.openqa.selenium.remote.codec.w3c.W3CHttpResponseCodec.decode(W3CHttpResponseCodec.java:50)\r\n\tat org.openqa.selenium.remote.HttpCommandExecutor.execute(HttpCommandExecutor.java:190)\r\n\tat org.openqa.selenium.remote.service.DriverCommandExecutor.invokeExecute(DriverCommandExecutor.java:216)\r\n\tat org.openqa.selenium.remote.service.DriverCommandExecutor.execute(DriverCommandExecutor.java:174)\r\n\tat org.openqa.selenium.remote.RemoteWebDriver.execute(RemoteWebDriver.java:545)\r\n\tat org.openqa.selenium.remote.RemoteWebElement.execute(RemoteWebElement.java:223)\r\n\tat org.openqa.selenium.remote.RemoteWebElement.click(RemoteWebElement.java:76)\r\n\tat java.base/jdk.internal.reflect.DirectMethodHandleAccessor.invoke(DirectMethodHandleAccessor.java:103)\r\n\tat java.base/java.lang.reflect.Method.invoke(Method.java:580)\r\n\tat org.openqa.selenium.support.pagefactory.internal.LocatingElementHandler.invoke(LocatingElementHandler.java:51)\r\n\tat jdk.proxy2/jdk.proxy2.$Proxy22.click(Unknown Source)\r\n\tat com.epam.gym.pages.RegistrationPage.activityDropDown(RegistrationPage.java:103)\r\n\tat com.epam.gym.ui.stepdefinitions.UIRegistrationSteps.iSelectFromThePreferableActivityDropdown(UIRegistrationSteps.java:45)\r\n\tat ✽.I select \"activity\" from the preferable activity dropdown(file:///C:/Users/nuthula_pooja/Desktop/QA/GymManagement_qa/src/test/resources/features/ui/user_management/registrationPage.feature:108)\r\n"},"stage":"finished","steps":[{"name":"When I enter \"name\", \"email\" and \"password\" in their fields","status":"passed","statusDetails":{"known":false,"muted":false,"flaky":false},"stage":"finished","steps":[],"attachments":[],"parameters":[],"start":1729496984730,"stop":1729496989029},{"name":"And I select \"target\" from the target dropdown","status":"passed","statusDetails":{"known":false,"muted":false,"flaky":false},"stage":"finished","steps":[],"attachments":[],"parameters":[],"start":1729496989029,"stop":1729496989327},{"name":"And I select \"activity\" from the preferable activity dropdown","status":"broken","statusDetails":{"known":false,"muted":false,"flaky":false,"message":"Element <div id=\"mui-component-select-activity\" class=\"MuiSelect-select MuiSelect-outlined MuiInputBase-input MuiOutlinedInput-input css-117jitv\"> is not clickable at point (416,543) because another element <li class=\"MuiButtonBase-root MuiMenuItem-root MuiMenuItem-gutters MuiMenuItem-root MuiMenuItem-gutters css-1rv1brq\"> obscures it\nBuild info: version: '4.24.0', revision: '748ffc9bc3'\nSystem info: os.name: 'Windows 11', os.arch: 'amd64', os.version: '10.0', java.version: '23'\nDriver info: org.openqa.selenium.firefox.FirefoxDriver\nCommand: [1de3ca28-bcbb-430a-8a4a-549c2b8589c2, clickElement {id=9d8bd0d5-b93e-4041-ba6a-5c7cf1a2ef14}]\nCapabilities {acceptInsecureCerts: true, browserName: firefox, browserVersion: 127.0.1, moz:accessibilityChecks: false, moz:buildID: 20240618110440, moz:debuggerAddress: 127.0.0.1:48949, moz:geckodriverVersion: 0.35.0, moz:headless: false, moz:platformVersion: 10.0, moz:processID: 43676, moz:profile: C:\\Users\\NUTHUL~1\\AppData\\L..., moz:shutdownTimeout: 60000, moz:webdriverClick: true, moz:windowless: false, pageLoadStrategy: normal, platformName: windows, proxy: Proxy(), se:cdp: ws://127.0.0.1:48949/devtoo..., se:cdpVersion: 85.0, setWindowRect: true, strictFileInteractability: false, timeouts: {implicit: 0, pageLoad: 300000, script: 30000}, unhandledPromptBehavior: dismiss and notify, userAgent: Mozilla/5.0 (Windows NT 10....}\nElement: [[FirefoxDriver: firefox on windows (1de3ca28-bcbb-430a-8a4a-549c2b8589c2)] -> id: mui-component-select-activity]\nSession ID: 1de3ca28-bcbb-430a-8a4a-549c2b8589c2","trace":"org.openqa.selenium.ElementClickInterceptedException: Element <div id=\"mui-component-select-activity\" class=\"MuiSelect-select MuiSelect-outlined MuiInputBase-input MuiOutlinedInput-input css-117jitv\"> is not clickable at point (416,543) because another element <li class=\"MuiButtonBase-root MuiMenuItem-root MuiMenuItem-gutters MuiMenuItem-root MuiMenuItem-gutters css-1rv1brq\"> obscures it\nBuild info: version: '4.24.0', revision: '748ffc9bc3'\nSystem info: os.name: 'Windows 11', os.arch: 'amd64', os.version: '10.0', java.version: '23'\nDriver info: org.openqa.selenium.firefox.FirefoxDriver\nCommand: [1de3ca28-bcbb-430a-8a4a-549c2b8589c2, clickElement {id=9d8bd0d5-b93e-4041-ba6a-5c7cf1a2ef14}]\nCapabilities {acceptInsecureCerts: true, browserName: firefox, browserVersion: 127.0.1, moz:accessibilityChecks: false, moz:buildID: 20240618110440, moz:debuggerAddress: 127.0.0.1:48949, moz:geckodriverVersion: 0.35.0, moz:headless: false, moz:platformVersion: 10.0, moz:processID: 43676, moz:profile: C:\\Users\\NUTHUL~1\\AppData\\L..., moz:shutdownTimeout: 60000, moz:webdriverClick: true, moz:windowless: false, pageLoadStrategy: normal, platformName: windows, proxy: Proxy(), se:cdp: ws://127.0.0.1:48949/devtoo..., se:cdpVersion: 85.0, setWindowRect: true, strictFileInteractability: false, timeouts: {implicit: 0, pageLoad: 300000, script: 30000}, unhandledPromptBehavior: dismiss and notify, userAgent: Mozilla/5.0 (Windows NT 10....}\nElement: [[FirefoxDriver: firefox on windows (1de3ca28-bcbb-430a-8a4a-549c2b8589c2)] -> id: mui-component-select-activity]\nSession ID: 1de3ca28-bcbb-430a-8a4a-549c2b8589c2\r\n\tat java.base/jdk.internal.reflect.DirectConstructorHandleAccessor.newInstance(DirectConstructorHandleAccessor.java:62)\r\n\tat java.base/java.lang.reflect.Constructor.newInstanceWithCaller(Constructor.java:501)\r\n\tat java.base/java.lang.reflect.Constructor.newInstance(Constructor.java:485)\r\n\tat org.openqa.selenium.remote.ErrorCodec.decode(ErrorCodec.java:167)\r\n\tat org.openqa.selenium.remote.codec.w3c.W3CHttpResponseCodec.decode(W3CHttpResponseCodec.java:138)\r\n\tat org.openqa.selenium.remote.codec.w3c.W3CHttpResponseCodec.decode(W3CHttpResponseCodec.java:50)\r\n\tat org.openqa.selenium.remote.HttpCommandExecutor.execute(HttpCommandExecutor.java:190)\r\n\tat org.openqa.selenium.remote.service.DriverCommandExecutor.invokeExecute(DriverCommandExecutor.java:216)\r\n\tat org.openqa.selenium.remote.service.DriverCommandExecutor.execute(DriverCommandExecutor.java:174)\r\n\tat org.openqa.selenium.remote.RemoteWebDriver.execute(RemoteWebDriver.java:545)\r\n\tat org.openqa.selenium.remote.RemoteWebElement.execute(RemoteWebElement.java:223)\r\n\tat org.openqa.selenium.remote.RemoteWebElement.click(RemoteWebElement.java:76)\r\n\tat java.base/jdk.internal.reflect.DirectMethodHandleAccessor.invoke(DirectMethodHandleAccessor.java:103)\r\n\tat java.base/java.lang.reflect.Method.invoke(Method.java:580)\r\n\tat org.openqa.selenium.support.pagefactory.internal.LocatingElementHandler.invoke(LocatingElementHandler.java:51)\r\n\tat jdk.proxy2/jdk.proxy2.$Proxy22.click(Unknown Source)\r\n\tat com.epam.gym.pages.RegistrationPage.activityDropDown(RegistrationPage.java:103)\r\n\tat com.epam.gym.ui.stepdefinitions.UIRegistrationSteps.iSelectFromThePreferableActivityDropdown(UIRegistrationSteps.java:45)\r\n\tat ✽.I select \"activity\" from the preferable activity dropdown(file:///C:/Users/nuthula_pooja/Desktop/QA/GymManagement_qa/src/test/resources/features/ui/user_management/registrationPage.feature:108)\r\n"},"stage":"finished","steps":[],"attachments":[],"parameters":[],"start":1729496989327,"stop":1729496991375},{"name":"And I click the register button","status":"skipped","statusDetails":{"known":false,"muted":false,"flaky":false},"stage":"finished","steps":[],"attachments":[],"parameters":[],"start":1729496991375,"stop":1729496991375},{"name":"Then I should see the toast message as \"errorMessage\"","status":"skipped","statusDetails":{"known":false,"muted":false,"flaky":false},"stage":"finished","steps":[],"attachments":[],"parameters":[],"start":1729496991375,"stop":1729496991376}],"attachments":[],"parameters":[{"name":"email","value":"email"},{"name":"password","value":"password"},{"name":"name","value":"name"},{"name":"target","value":"target"},{"name":"activity","value":"activity"},{"name":"toastMessage","value":"errorMessage"}],"start":1729496984730,"stop":1729496991544}